 2004  223 0838 22.3 L  55.308  11.948 28.6  TES 50 5.1 2.4LTES 3.1CTES        1
 GAP= 92       17.48      18.5    44.2 38.8  0.1089E+02  0.4550E+03  0.7509E+02E
 ACTION:SPL 11-09-19 12:44 OP:ke   STATUS:               ID:20040223083826 L   I
 2004  223 0838 25.7 L  55.477  12.105 15.0F BER 16 1.9 2.5LBER 2.5CBER 2.8LNAO1
 2004 0223 0838 30.8 L  56.111  12.534       NAO  5 0.9                 2.8LNAO1
                 4.1     0.3     0.2   -1.0                                    5
 2004-02-23-0837-59S.HYA___003                                                 6
 2004-02-23-0837-59S.KMY___003                                                 6
 2004-02-23-0837-59S.ODD___003                                                 6
 2004-02-23-0837-59S.RND___001                                                 6
 2004-02-23-0837-59S.SUE___006                                                 6
 2004-02-23-0837-59S.BLS___003                                                 6
 2004-02-23-0837-18S.KONO__003                                                 6
 2004-02-23-0837-59S.STA___003                                                 6
 2004-02-23-0840-19S.WNN___003                                                 6
 2004-02-23-0840-36S.DOM___001                                                 6
 2004-02-23-0839-27S.SNART_003                                                 6
 2004-02-23-0840-53S.MOL___006                                                 6
 2004-02-23-0827-00S.BSD___003                                                 6
 2004-02-23-0828-00S.MUD___003                                                 6
 2004-02-23-0831-00S.COP___003                                                 6
 2004-02-23-0832-51S.GID___003                                                 6
 2004-02-23-0829-04S.GID___001_SH_1Z                                           6
 2004-02-23-0829-04S.GID___001_SH_2N                                           6
 2004-02-23-0829-04S.GID___001_SH_3E                                           6
 2004-02-23-0837-59S.DNK___009                                                 6
 2004-02-23-0838-16S.DK____018                                                 6
 2004-02-23-0837-59S.CLZ___003                                                 6
 2004-02-23-0838-00S.RUE___003                                                 6
 2004-02-23-0837-59S.HLG___003                                                 6
 2004-02-23-0837-59S.RNG___003                                                 6
 2004-02-23-0838-00S.BSEG__003                                                 6
 2004-02-23-0838-16S.DEL_HZ001                                                 6
 2004-02-23-0838-16S.DEL_HN001                                                 6
 2004-02-23-0838-16S.DEL_HE001                                                 6
 2004-02-23-0838-27S.BLE_HZ001                                                 6
 2004-02-23-0838-27S.BLE_HE001                                                 6
 2004-02-23-0838-27S.BLE_HN001                                                 6
 2004-02-23-0838-36S.OSK_HZ001                                                 6
 2004-02-23-0838-36S.OSK_HN001                                                 6
 2004-02-23-0838-36S.OSK_HE001                                                 6
 2004-02-23-0838-42S.BYX_HZ001                                                 6
 2004-02-23-0838-42S.BYX_HN001                                                 6
 2004-02-23-0838-42S.BYX_HE001                                                 6
 2004-02-23-0838-28S.VXJ_HZ001                                                 6
 2004-02-23-0838-28S.VXJ_HN001                                                 6
 2004-02-23-0838-28S.VXJ_HE001                                                 6
 2004-02-23-0838-37S.EKS_HZ001                                                 6
 2004-02-23-0838-37S.EKS_HN001                                                 6
 2004-02-23-0838-37S.EKS_HE001                                                 6
 2004-02-23-0835-59S.CLL___003                                                 6
 2004-02-23-0835-59S.MOX___003                                                 6
 2004-02-23-0835-59S.BRG___003                                                 6
 2004-02-23-0836-00S.FUR___003                                                 6
 ber: Readings from KMS, Denmark included. mbs.                                3
 ber: Locates to 31 km depth. Fixed at 15 km. mbs.                             3
 pv:  felt  www.geus.dk                                                        3
                        F                                                      2
 STAT SP IPHASW D HRMM SECON CODA AMPLIT PERI AZIMU VELO AIN AR TRES W  DIS CAZ7
 BLES HZ  p        839  0.10                              81                    
 OSKS HZ  P        839  8.47                              81                    
 BYXS HZ  p       0839 14.89                              81                    
 VSTS     p       0839 15.07                              81                    
 EKSS HZ  p       0839  7.78                              81                    
 EKSS HZ  s       0839 37.45                              81                    
 BLES HN ES        839 24.89                              81                    
 VXJS HZ  s        839 22.97                              91                    
 VXJS HN  SN  4    839 55.00                              56                    
 LNKS     p       0839 15.71                              81                    
 ASKS     p       0839 21.47                              81                    
 VIKS     p       0839 23.95                              81                    
 GOTS     p       0839 27.74                              81                    
 NRAS     p       0839 30.45                              81                    
 ESKS     p       0839 30.67                              81                    
 SOLS     p       0840 22.74                              81                    
 FLYS     p       0839 46.40                              81                    
 BACS     p       0839 40.83                              81                    
 NYNS     p       0839 35.64                              81                    
 VXJS HZ  p     C  838 58.92                              91                    
 COP  HZ IP     C  838 33.70                             115    2.0510 52.0  36 
 COP  HZ ISG       838 37.89                             115   -0.5910 52.0  36 
 COP  HE IS        838 38.66                             115    0.1810 52.0  36 
 COP  HZ  AML      838 38.84       245.7 0.46                          52.0  36 
 GID  SZ IP   9    838 49.49                             102   12.05 0 92.4   9 
 GID  SZ ISG       838 58.24                                   -2.3010 92.4   9 
 GID  SE IS        838 58.59                                   -1.9510 92.4   9 
 GID  SZ E         839  1.22       370.5  0.5                          92.4   9 
 RGN  BZ IP   9    838 47.28                              99    5.43 0  122 133 
 RGN  BN ES        839  2.66                                    1.1110  122 133 
 DEL  HZ IPn    C  838 48.68                              56   -0.3410  177  42 
 DEL  HZ IPg    C  838 49.36                              95   -0.6610  177  42 
 DEL  HZ  s        839  4.83                              56   -3.6910  177  42 
 BSEG BZ EP        838 57.22                              56    7.1010  186 215 
 BSD  HZ IP        838 51.92                              56    1.2410  190  95 
 BSD  HE IS        839 11.12                              56   -0.2810  190  95 
 BSD  HN I         839 20.84                                            190  95 
 BSD  HZ  AML      839 24.02        59.0 0.40                           190  95 
 MUD  HZ IP        838 57.28                              56    3.4310  216 307 
 MUD  HN IS        839 19.51                              56    2.6310  216 307 
 MUD  HZ  AML      839 41.24        31.9 0.61                           216 307 
 RUE  BN ES        839 48.78                              56    5.7610  337 158 
 CLZ  BZ IP        839 22.78                              56    5.9610  399 196 
 CLZ  BN ES        840  3.91                              56    7.3010  399 196 
 SNARTSZ ES        840  7.17                              81            444 321 
 SNARTSZ ES        840  7.17                              56    0.9710  444 321 
 CLL  BN ES        840 14.17                              56    6.6110  451 171 
 KONO BZ ES        840 17.53                              81            504 345 
 KONO BZ ES        840 17.53                              56   -1.4510  504 345 
 BRG  BZ IS        840 25.45                              56    4.8410  511 164 
 MOX  BZ IP        839 36.26                              56    4.5610  519 183 
 MOX  BE IS        840 29.76                              56    7.3910  519 183 
 HFS  SZ  Pn      0839 34.38                  191.3  8.4  56  0-0.8310  547  10 
 HFS      Pn  4   0839 34.4        724.2                  56   -0.81 0  547  10 
 HFS      p   4   0839 36.9        695.3                  51    1.74 0  547  10 
 HFS      p   4   0839 39.7        450.1                  51    4.54 0  547  10 
 HFS      p   4   0839 42.9        520.8                  51    7.74 0  547  10 
 HFS      p   4   0839 47.9        346.9                  51   12.74 0  547  10 
 HFS      p   4   0839 50.9        449.7                  51   15.74 0  547  10 
 HFS  SZ  Sn      0840 23.08                  197.2  5.2  56  5-5.3610  547  10 
 HFS      Sn  4   0840 26.3       2869.0                  56   -2.14 0  547  10 
 HFS      s   4   0840 31.8       1830.2                  51    3.45 0  547  10 
 HFS      s   4   0840 43.3          1.0                  51   14.95 0  547  10 
 HFS      s   4   0840 46.3       2639.2                  51   17.95 0  547  10 
 HFS      Lg      0840 52.3                                0   -2.0810  547  10 
 HFS      s   4   0840 56.8          1.0                  51   28.45 0  547  10 
 BLS5 SZ EP        839 39.17  105                         51    1.9510  565 326 
 BLS5 SZ ES        840 32.92                              51    1.0110  565 326 
 BLS5 SZ  AML      840 35.24         7.4 0.24                           565 326 
 KMY  SZ EP        839 42.74  132                         51    2.2110  593 320 
 KMY  SZ ES        840 37.94                              51    0.3010  593 320 
 KMY  SZ  AML      840 40.32         7.9 0.48                           593 320 
 ODD1 SZ EP        839 42.08  147                         51    0.3310  603 330 
 ODD1 SZ ES        840 38.00                              51   -1.7410  603 330 
 ODD1 SZ  AML      840 41.48        14.9 0.60                           603 330 
 EGD  SZ ES        840 55.03                              51   -0.5710  682 327 
 EGD  SZ  AML      841  1.06         3.7 0.94                           682 327 
 RUND SZ EP        839 53.71                              51    1.8310  689 328 
 RUND SZ ES        840 57.46                              51    0.1910  689 328 
 RUND SZ  AML      841  1.41        12.0 0.56                           689 328 
 ASK  SZ ES        841  0.14                              51    0.5410  701 328 
 SUE  SZ ES        841 12.78                              51   -0.1010  767 330 
 SUE  SZ  AML      841 16.97         7.4 0.55                           767 330 
 MOL  SZ ES        841 31.57                              51    2.2110  847 344 
 MEF  BZ EP       0840 18.56                              51   -0.2410  919  48 
 MEF  BZ  MPN     0840 22.25         0.9 0.21                           919  48 
 MEF  BZ ES       0841 43.10                              51   -0.7410  919  48 
 PVF  SZ EP       0840 28.47                              51   -0.7210 1007  49 
 PVF  SZ  MPN     0840 31.83         0.7 0.21                          1007  49 
 PVF  SZ ES       0842 01.12                              51   -0.6910 1007  49 
 VAF  BZ EP       0840 36.24                              51    1.4110 1055  31 
 VAF  BZ ES       0842 14.17                              51    2.6010 1055  31 
 KEF  BZ EP       0840 36.71                              51    0.5410 1066  39 
 KEF  BZ  MPN     0840 39.07         0.4 0.20                          1066  39 
 KEF  BZ ES       0842 15.46                              51    1.5710 1066  39 
 FIA0 SZ EP       0840 37.45                              51    0.9510 1069  45 
 FIA0 SZ  Pn      0840 38.30                  232.7  9.2  56 -3-1.8410 1069  45 
 FIA0 SZ  MPN     0840 41.57         0.4 0.22                          1069  45 
 FIA0 SZ ES       0842 15.54                              51    1.0810 1069  45 
 FIA0 SZ  Sn      0842 15.90                  238.9  5.5  56  2-4.8610 1069  45 
 FIA0 SZ  Lg  3   0843 06.90                  233.1  5.3   0 -2-12.3 2 1069  45 
 KAF  SZ EP       0840 42.55                              51   -0.13 9 1121  42 
 KAF  SZ  MPN     0840 46.12         0.3 0.19                          1121  42 
 KAF  SZ ES       0842 26.73                              51    1.58 9 1121  42 
 SUF  SZ EP       0840 47.46                              51    0.69 9 1156  39 
 SUF  SZ  MPN     0840 53.06         0.4 0.19                          1156  39 
 SUF  SZ ES       0842 34.18                              51    1.95 9 1156  39 
 FIN      Pn      0840 38.3        208.7                  56   -26.0 9 1263 194 
 FIN      p   4   0840 45.7        204.0                  51   -13.6 0 1263 194 
 FIN      Sn      0842 18.1        268.9                  56   -44.5 9 1263 194 
 ARA0 SZ  P       0841 54.55                  204.1  8.2  51 -5 0.86 7 1725  18 
 HASS     p       0840  7.49                              51   -99.9 0 4533 122 
 ARC      Pn      0841 55.6         41.8                  56   -99.9 0 8566 327 
 ARC      p       0841 59.2         20.5                  51   -99.9 0 8566 327 
                                                                                
