05 4 81611
MUD IP   56.0    
MUD IS   72.6    
COP IP   64.1    
COP IP   64.1    
COP IS   82.3    
COP IS   82.3    
COP IS   86.9    
COP IS   86.9    
SNARES   99.1    
SNAR A  108.6    
KONOEP   75.9 227
KONOES  109.0    
BSD IP   80.2    
BSD IP   80.2    
BSD I    86.9    
BSD I    86.9    
BSD IS  113.7    
BSD IS  113.7    
BSD IS  127.7    
BSD IS  127.7    
BLS5EP 4 85.5 110
BLS5ES 4136.1    
BLS5 A 4140.8    
HFS  P   87.5    
HFS  P   92.5    
HFS  S  125.8    
HFS  L  135.0    
ODD1ES 4145.5    
ODD1 A 4147.1    
KMY ES 4146.9    
NB2  P 4 93.8    
NB2  S 4140.6    
NB2  L 4155.2    
EGD ES 4168.6    
ASK ES 4173.5    
FIA0 P 4164.0    
FIA0 L 4308.4    
        
